[1567902085.688][INFO]: Starting ChromeDriver 75.0.3770.140 (2d9f97485c7b07dc18a74666574f19176731995c-refs/branch-heads/3770@{#1155})
[1567902085.689][INFO]: Please protect ports used by ChromeDriver and related test frameworks to prevent access by malicious code.
[1567902086.679][INFO]: [de0ab8c6f90a00e1409b84990672c27a] COMMAND InitSession {
   "capabilities": {
      "alwaysMatch": {
         "browserName": "chrome",
         "goog:chromeOptions": {
            "args": [  ],
            "extensions": [  ]
         },
         "platformName": "any"
      },
      "firstMatch": [ {

      } ]
   },
   "desiredCapabilities": {
      "browserName": "chrome",
      "goog:chromeOptions": {
         "args": [  ],
         "extensions": [  ]
      },
      "platform": "ANY",
      "version": ""
   }
}
[1567902086.688][INFO]: Populating Preferences file: {
   "alternate_error_pages": {
      "enabled": false
   },
   "autofill": {
      "enabled": false
   },
   "browser": {
      "check_default_browser": false
   },
   "distribution": {
      "import_bookmarks": false,
      "import_history": false,
      "import_search_engine": false,
      "make_chrome_default_for_user": false,
      "skip_first_run_ui": true
   },
   "dns_prefetching": {
      "enabled": false
   },
   "profile": {
      "content_settings": {
         "pattern_pairs": {
            "https://*,*": {
               "media-stream": {
                  "audio": "Default",
                  "video": "Default"
               }
            }
         }
      },
      "default_content_setting_values": {
         "geolocation": 1
      },
      "default_content_settings": {
         "geolocation": 1,
         "mouselock": 1,
         "notifications": 1,
         "popups": 1,
         "ppapi-broker": 1
      },
      "password_manager_enabled": false
   },
   "safebrowsing": {
      "enabled": false
   },
   "search": {
      "suggest_enabled": false
   },
   "translate": {
      "enabled": false
   }
}
[1567902086.688][INFO]: Populating Local State file: {
   "background_mode": {
      "enabled": false
   },
   "ssl": {
      "rev_checking": {
         "enabled": false
      }
   }
}
[1567902086.690][INFO]: Launching chrome: /Applications/Google Chrome.app/Contents/MacOS/Google Chrome --disable-background-networking --disable-client-side-phishing-detection --disable-default-apps --disable-hang-monitor --disable-popup-blocking --disable-prompt-on-repost --disable-sync --disable-web-resources --enable-automation --enable-blink-features=ShadowDOMV0 --enable-logging --force-fieldtrials=SiteIsolationExtensions/Control --ignore-certificate-errors --load-extension=/var/folders/q8/mr0psnxn7k7g2j4nvp9nd9v80000gn/T/.com.google.Chrome.ZEzGmx/internal --log-level=0 --no-first-run --password-store=basic --remote-debugging-port=0 --test-type=webdriver --use-mock-keychain --user-data-dir=/var/folders/q8/mr0psnxn7k7g2j4nvp9nd9v80000gn/T/.com.google.Chrome.r0BLNL data:,

DevTools listening on ws://127.0.0.1:53730/devtools/browser/71ac6124-1ef8-4d49-8324-3afca5bbaf64
[1567902087.177][DEBUG]: DevTools HTTP Request: http://localhost:53730/json/version
[1567902088.160][DEBUG]: DevTools HTTP Response: {
   "Browser": "Chrome/76.0.3809.132",
   "Protocol-Version": "1.3",
   "User-Agent": "Mozilla/5.0 (Macintosh; Intel Mac OS X 10_14_6) AppleWebKit/537.36 (KHTML, like Gecko) Chrome/76.0.3809.132 Safari/537.36",
   "V8-Version": "7.6.303.29",
   "WebKit-Version": "537.36 (@fd1acc410994a7a68ac25bc77513d443f3130860)",
   "webSocketDebuggerUrl": "ws://localhost:53730/devtools/browser/71ac6124-1ef8-4d49-8324-3afca5bbaf64"
}

[1567902088.169][WARNING]: This version of ChromeDriver has not been tested with Chrome version 76.
[1567902088.172][DEBUG]: DevTools HTTP Request: http://localhost:53730/json
[1567902088.190][DEBUG]: DevTools HTTP Response: [ {
   "description": "",
   "devtoolsFrontendUrl": "/devtools/inspector.html?ws=localhost:53730/devtools/page/1B0DCAFB379AA573DE9DF1B0A47438E3",
   "id": "1B0DCAFB379AA573DE9DF1B0A47438E3",
   "title": "Chrome Automation Extension",
   "type": "background_page",
   "url": "chrome-extension://aapnijgdinlhnhlmodcfapnahmbfebeb/_generated_background_page.html",
   "webSocketDebuggerUrl": "ws://localhost:53730/devtools/page/1B0DCAFB379AA573DE9DF1B0A47438E3"
}, {
   "description": "",
   "devtoolsFrontendUrl": "/devtools/inspector.html?ws=localhost:53730/devtools/page/0E2703A91C3D7EFB42208116010D5BC8",
   "id": "0E2703A91C3D7EFB42208116010D5BC8",
   "title": "",
   "type": "page",
   "url": "data:,",
   "webSocketDebuggerUrl": "ws://localhost:53730/devtools/page/0E2703A91C3D7EFB42208116010D5BC8"
} ]

[1567902088.190][DEBUG]: DevTools HTTP Request: http://localhost:53730/json
[1567902088.199][DEBUG]: DevTools HTTP Response: [ {
   "description": "",
   "devtoolsFrontendUrl": "/devtools/inspector.html?ws=localhost:53730/devtools/page/1B0DCAFB379AA573DE9DF1B0A47438E3",
   "id": "1B0DCAFB379AA573DE9DF1B0A47438E3",
   "title": "Chrome Automation Extension",
   "type": "background_page",
   "url": "chrome-extension://aapnijgdinlhnhlmodcfapnahmbfebeb/_generated_background_page.html",
   "webSocketDebuggerUrl": "ws://localhost:53730/devtools/page/1B0DCAFB379AA573DE9DF1B0A47438E3"
}, {
   "description": "",
   "devtoolsFrontendUrl": "/devtools/inspector.html?ws=localhost:53730/devtools/page/0E2703A91C3D7EFB42208116010D5BC8",
   "id": "0E2703A91C3D7EFB42208116010D5BC8",
   "title": "",
   "type": "page",
   "url": "data:,",
   "webSocketDebuggerUrl": "ws://localhost:53730/devtools/page/0E2703A91C3D7EFB42208116010D5BC8"
} ]

[1567902088.202][INFO]: resolved localhost to ["::1","127.0.0.1"]
[1567902088.214][DEBUG]: DevTools WebSocket Command: Log.enable (id=1) 0E2703A91C3D7EFB42208116010D5BC8 {

}
[1567902088.215][DEBUG]: DevTools WebSocket Command: DOM.getDocument (id=2) 0E2703A91C3D7EFB42208116010D5BC8 {

}
[1567902088.218][DEBUG]: DevTools WebSocket Command: Target.setAutoAttach (id=3) 0E2703A91C3D7EFB42208116010D5BC8 {
   "autoAttach": true,
   "waitForDebuggerOnStart": false
}
[1567902088.218][DEBUG]: DevTools WebSocket Command: Page.enable (id=4) 0E2703A91C3D7EFB42208116010D5BC8 {

}
[1567902088.219][DEBUG]: DevTools WebSocket Command: Page.enable (id=5) 0E2703A91C3D7EFB42208116010D5BC8 {

}
[1567902088.231][DEBUG]: DevTools WebSocket Response: Log.enable (id=1) 0E2703A91C3D7EFB42208116010D5BC8 {

}
[1567902088.232][DEBUG]: DevTools WebSocket Response: DOM.getDocument (id=2) 0E2703A91C3D7EFB42208116010D5BC8 {
   "root": {
      "backendNodeId": 2,
      "baseURL": "data:,",
      "childNodeCount": 0,
      "children": [  ],
      "documentURL": "data:,",
      "localName": "",
      "nodeId": 1,
      "nodeName": "#document",
      "nodeType": 9,
      "nodeValue": "",
      "xmlVersion": ""
   }
}
[1567902088.232][DEBUG]: DevTools WebSocket Response: Target.setAutoAttach (id=3) 0E2703A91C3D7EFB42208116010D5BC8 {

}
[1567902088.233][DEBUG]: DevTools WebSocket Response: Page.enable (id=4) 0E2703A91C3D7EFB42208116010D5BC8 {

}
[1567902088.233][DEBUG]: DevTools WebSocket Response: Page.enable (id=5) 0E2703A91C3D7EFB42208116010D5BC8 {

}
[1567902088.233][DEBUG]: DevTools WebSocket Command: Runtime.enable (id=6) 0E2703A91C3D7EFB42208116010D5BC8 {

}
[1567902088.237][DEBUG]: DevTools WebSocket Event: DOM.childNodeInserted 0E2703A91C3D7EFB42208116010D5BC8 {
   "node": {
      "attributes": [  ],
      "backendNodeId": 3,
      "childNodeCount": 0,
      "frameId": "0E2703A91C3D7EFB42208116010D5BC8",
      "localName": "html",
      "nodeId": 2,
      "nodeName": "HTML",
      "nodeType": 1,
      "nodeValue": ""
   },
   "parentNodeId": 1,
   "previousNodeId": 0
}
[1567902088.237][DEBUG]: DevTools WebSocket Event: DOM.childNodeCountUpdated 0E2703A91C3D7EFB42208116010D5BC8 {
   "childNodeCount": 1,
   "nodeId": 2
}
[1567902088.237][DEBUG]: DevTools WebSocket Event: DOM.childNodeCountUpdated 0E2703A91C3D7EFB42208116010D5BC8 {
   "childNodeCount": 2,
   "nodeId": 2
}
[1567902088.237][DEBUG]: DevTools WebSocket Event: Page.loadEventFired 0E2703A91C3D7EFB42208116010D5BC8 {
   "timestamp": 21408.524706
}
[1567902088.237][DEBUG]: DevTools WebSocket Event: Page.frameStoppedLoading 0E2703A91C3D7EFB42208116010D5BC8 {
   "frameId": "0E2703A91C3D7EFB42208116010D5BC8"
}
[1567902088.237][DEBUG]: DevTools WebSocket Event: DOM.documentUpdated 0E2703A91C3D7EFB42208116010D5BC8 {

}
[1567902088.237][DEBUG]: DevTools WebSocket Command: DOM.getDocument (id=7) 0E2703A91C3D7EFB42208116010D5BC8 {

}
[1567902088.237][DEBUG]: DevTools WebSocket Event: Page.domContentEventFired 0E2703A91C3D7EFB42208116010D5BC8 {
   "timestamp": 21408.525085
}
[1567902088.239][DEBUG]: DevTools WebSocket Event: Runtime.executionContextCreated 0E2703A91C3D7EFB42208116010D5BC8 {
   "context": {
      "auxData": {
         "frameId": "0E2703A91C3D7EFB42208116010D5BC8",
         "isDefault": true,
         "type": "default"
      },
      "id": 1,
      "name": "",
      "origin": "://"
   }
}
[1567902088.239][DEBUG]: DevTools WebSocket Response: Runtime.enable (id=6) 0E2703A91C3D7EFB42208116010D5BC8 {

}
[1567902088.239][DEBUG]: DevTools WebSocket Response: DOM.getDocument (id=7) 0E2703A91C3D7EFB42208116010D5BC8 {
   "root": {
      "backendNodeId": 2,
      "baseURL": "data:,",
      "childNodeCount": 1,
      "children": [ {
         "attributes": [  ],
         "backendNodeId": 3,
         "childNodeCount": 2,
         "children": [ {
            "attributes": [  ],
            "backendNodeId": 4,
            "childNodeCount": 0,
            "localName": "head",
            "nodeId": 5,
            "nodeName": "HEAD",
            "nodeType": 1,
            "nodeValue": "",
            "parentId": 4
         }, {
            "attributes": [  ],
            "backendNodeId": 5,
            "childNodeCount": 0,
            "localName": "body",
            "nodeId": 6,
            "nodeName": "BODY",
            "nodeType": 1,
            "nodeValue": "",
            "parentId": 4
         } ],
         "frameId": "0E2703A91C3D7EFB42208116010D5BC8",
         "localName": "html",
         "nodeId": 4,
         "nodeName": "HTML",
         "nodeType": 1,
         "nodeValue": "",
         "parentId": 3
      } ],
      "documentURL": "data:,",
      "localName": "",
      "nodeId": 3,
      "nodeName": "#document",
      "nodeType": 9,
      "nodeValue": "",
      "xmlVersion": ""
   }
}
[1567902088.239][DEBUG]: DevTools WebSocket Command: Page.enable (id=8) 0E2703A91C3D7EFB42208116010D5BC8 {

}
[1567902088.240][DEBUG]: DevTools WebSocket Response: Page.enable (id=8) 0E2703A91C3D7EFB42208116010D5BC8 {

}
[1567902088.240][DEBUG]: DevTools WebSocket Command: Runtime.enable (id=9) 0E2703A91C3D7EFB42208116010D5BC8 {

}
[1567902088.240][DEBUG]: DevTools WebSocket Response: Runtime.enable (id=9) 0E2703A91C3D7EFB42208116010D5BC8 {

}
[1567902088.241][DEBUG]: DevTools WebSocket Command: Runtime.evaluate (id=10) 0E2703A91C3D7EFB42208116010D5BC8 {
   "expression": "(function() { // Copyright (c) 2012 The Chromium Authors. All rights reserved.\n// Use of this source code is governed by a BSD-style license that can be\n// found in the LICENSE file.\n\n/**\n * Enum f...",
   "returnByValue": true
}
[1567902088.244][DEBUG]: DevTools WebSocket Response: Runtime.evaluate (id=10) 0E2703A91C3D7EFB42208116010D5BC8 {
   "result": {
      "type": "object",
      "value": {
         "status": 0,
         "value": 1
      }
   }
}
[1567902088.244][INFO]: [de0ab8c6f90a00e1409b84990672c27a] RESPONSE InitSession {
   "capabilities": {
      "acceptInsecureCerts": false,
      "browserName": "chrome",
      "browserVersion": "76.0.3809.132",
      "chrome": {
         "chromedriverVersion": "75.0.3770.140 (2d9f97485c7b07dc18a74666574f19176731995c-refs/branch-heads/3770@{#1155})",
         "userDataDir": "/var/folders/q8/mr0psnxn7k7g2j4nvp9nd9v80000gn/T/.com.google.Chrome.r0BLNL"
      },
      "goog:chromeOptions": {
         "debuggerAddress": "localhost:53730"
      },
      "networkConnectionEnabled": false,
      "pageLoadStrategy": "normal",
      "platformName": "mac os x",
      "proxy": {

      },
      "setWindowRect": true,
      "strictFileInteractability": false,
      "timeouts": {
         "implicit": 0,
         "pageLoad": 300000,
         "script": 30000
      },
      "unhandledPromptBehavior": "dismiss and notify"
   },
   "sessionId": "de0ab8c6f90a00e1409b84990672c27a"
}
[1567902088.247][INFO]: [de0ab8c6f90a00e1409b84990672c27a] COMMAND Navigate {
   "url": "http://www.google.com"
}
[1567902088.247][INFO]: Waiting for pending navigations...
[1567902088.247][DEBUG]: DevTools WebSocket Command: Runtime.evaluate (id=11) 0E2703A91C3D7EFB42208116010D5BC8 {
   "expression": "1"
}
[1567902088.248][DEBUG]: DevTools WebSocket Response: Runtime.evaluate (id=11) 0E2703A91C3D7EFB42208116010D5BC8 {
   "result": {
      "description": "1",
      "type": "number",
      "value": 1
   }
}
[1567902088.248][INFO]: Done waiting for pending navigations. Status: ok
[1567902088.248][DEBUG]: DevTools WebSocket Command: Page.navigate (id=12) 0E2703A91C3D7EFB42208116010D5BC8 {
   "url": "http://www.google.com"
}
[1567902088.631][DEBUG]: DevTools WebSocket Response: Page.navigate (id=12) 0E2703A91C3D7EFB42208116010D5BC8 {
   "frameId": "0E2703A91C3D7EFB42208116010D5BC8",
   "loaderId": "C12851DE35F4C05F903BCE97A3C1AD83"
}
[1567902088.631][DEBUG]: DevTools WebSocket Command: Runtime.evaluate (id=13) 0E2703A91C3D7EFB42208116010D5BC8 {
   "expression": "document.URL"
}
[1567902088.661][DEBUG]: DevTools WebSocket Event: Runtime.executionContextsCleared 0E2703A91C3D7EFB42208116010D5BC8 {

}
[1567902088.686][DEBUG]: DevTools WebSocket Event: Page.frameStartedLoading 0E2703A91C3D7EFB42208116010D5BC8 {
   "frameId": "0E2703A91C3D7EFB42208116010D5BC8"
}
[1567902088.686][DEBUG]: DevTools WebSocket Event: Runtime.executionContextsCleared 0E2703A91C3D7EFB42208116010D5BC8 {

}
[1567902088.686][DEBUG]: DevTools WebSocket Event: Page.frameNavigated 0E2703A91C3D7EFB42208116010D5BC8 {
   "frame": {
      "id": "0E2703A91C3D7EFB42208116010D5BC8",
      "loaderId": "C12851DE35F4C05F903BCE97A3C1AD83",
      "mimeType": "text/html",
      "securityOrigin": "https://www.google.com",
      "url": "https://www.google.com/?gws_rd=ssl"
   }
}
[1567902088.686][DEBUG]: DevTools WebSocket Event: Runtime.executionContextCreated 0E2703A91C3D7EFB42208116010D5BC8 {
   "context": {
      "auxData": {
         "frameId": "0E2703A91C3D7EFB42208116010D5BC8",
         "isDefault": true,
         "type": "default"
      },
      "id": 1,
      "name": "",
      "origin": "https://www.google.com"
   }
}
[1567902088.686][DEBUG]: DevTools WebSocket Event: DOM.documentUpdated 0E2703A91C3D7EFB42208116010D5BC8 {

}
[1567902088.686][DEBUG]: DevTools WebSocket Command: DOM.getDocument (id=14) 0E2703A91C3D7EFB42208116010D5BC8 {

}
[1567902088.715][DEBUG]: DevTools WebSocket Response: Runtime.evaluate (id=13) 0E2703A91C3D7EFB42208116010D5BC8 {
   "result": {
      "type": "string",
      "value": "https://www.google.com/?gws_rd=ssl"
   }
}
[1567902088.718][DEBUG]: DevTools WebSocket Response: DOM.getDocument (id=14) 0E2703A91C3D7EFB42208116010D5BC8 {
   "root": {
      "backendNodeId": 1,
      "baseURL": "https://www.google.com/?gws_rd=ssl",
      "childNodeCount": 0,
      "children": [  ],
      "documentURL": "https://www.google.com/?gws_rd=ssl",
      "localName": "",
      "nodeId": 1,
      "nodeName": "#document",
      "nodeType": 9,
      "nodeValue": "",
      "xmlVersion": ""
   }
}
[1567902088.718][INFO]: Waiting for pending navigations...
[1567902088.718][DEBUG]: DevTools WebSocket Command: Runtime.evaluate (id=15) 0E2703A91C3D7EFB42208116010D5BC8 {
   "expression": "1"
}
[1567902088.728][DEBUG]: DevTools WebSocket Event: DOM.childNodeInserted 0E2703A91C3D7EFB42208116010D5BC8 {
   "node": {
      "backendNodeId": 2,
      "localName": "",
      "nodeId": 2,
      "nodeName": "html",
      "nodeType": 10,
      "nodeValue": "",
      "publicId": "",
      "systemId": ""
   },
   "parentNodeId": 1,
   "previousNodeId": 0
}
[1567902088.728][DEBUG]: DevTools WebSocket Event: DOM.childNodeInserted 0E2703A91C3D7EFB42208116010D5BC8 {
   "node": {
      "attributes": [ "itemscope", "", "itemtype", "http://schema.org/WebPage", "lang", "en" ],
      "backendNodeId": 3,
      "childNodeCount": 0,
      "frameId": "0E2703A91C3D7EFB42208116010D5BC8",
      "localName": "html",
      "nodeId": 3,
      "nodeName": "HTML",
      "nodeType": 1,
      "nodeValue": ""
   },
   "parentNodeId": 1,
   "previousNodeId": 2
}
[1567902088.728][DEBUG]: DevTools WebSocket Event: DOM.childNodeCountUpdated 0E2703A91C3D7EFB42208116010D5BC8 {
   "childNodeCount": 1,
   "nodeId": 3
}
[1567902088.728][DEBUG]: DevTools WebSocket Response: Runtime.evaluate (id=15) 0E2703A91C3D7EFB42208116010D5BC8 {
   "result": {
      "description": "1",
      "type": "number",
      "value": 1
   }
}
[1567902088.761][DEBUG]: DevTools WebSocket Event: DOM.childNodeCountUpdated 0E2703A91C3D7EFB42208116010D5BC8 {
   "childNodeCount": 2,
   "nodeId": 3
}
[1567902088.761][DEBUG]: DevTools WebSocket Command: Runtime.evaluate (id=16) 0E2703A91C3D7EFB42208116010D5BC8 {
   "expression": "1"
}
[1567902088.812][DEBUG]: DevTools WebSocket Response: Runtime.evaluate (id=16) 0E2703A91C3D7EFB42208116010D5BC8 {
   "result": {
      "description": "1",
      "type": "number",
      "value": 1
   }
}
[1567902088.848][DEBUG]: DevTools WebSocket Event: DOM.documentUpdated 0E2703A91C3D7EFB42208116010D5BC8 {

}
[1567902088.848][DEBUG]: DevTools WebSocket Command: DOM.getDocument (id=17) 0E2703A91C3D7EFB42208116010D5BC8 {

}
[1567902088.848][DEBUG]: DevTools WebSocket Event: Page.domContentEventFired 0E2703A91C3D7EFB42208116010D5BC8 {
   "timestamp": 21409.139085
}
[1567902088.850][DEBUG]: DevTools WebSocket Event: Page.frameResized 0E2703A91C3D7EFB42208116010D5BC8 {

}
[1567902088.852][DEBUG]: DevTools WebSocket Response: DOM.getDocument (id=17) 0E2703A91C3D7EFB42208116010D5BC8 {
   "root": {
      "backendNodeId": 1,
      "baseURL": "https://www.google.com/?gws_rd=ssl",
      "childNodeCount": 2,
      "children": [ {
         "backendNodeId": 2,
         "localName": "",
         "nodeId": 5,
         "nodeName": "html",
         "nodeType": 10,
         "nodeValue": "",
         "parentId": 4,
         "publicId": "",
         "systemId": ""
      }, {
         "attributes": [ "itemscope", "", "itemtype", "http://schema.org/WebPage", "lang", "en" ],
         "backendNodeId": 3,
         "childNodeCount": 2,
         "children": [ {
            "attributes": [  ],
            "backendNodeId": 4,
            "childNodeCount": 10,
            "localName": "head",
            "nodeId": 7,
            "nodeName": "HEAD",
            "nodeType": 1,
            "nodeValue": "",
            "parentId": 6
         }, {
            "attributes": [ "jsmodel", " ", "class", "hp vasq", "id", "gsr" ],
            "backendNodeId": 5,
            "childNodeCount": 7,
            "localName": "body",
            "nodeId": 8,
            "nodeName": "BODY",
            "nodeType": 1,
            "nodeValue": "",
            "parentId": 6
         } ],
         "frameId": "0E2703A91C3D7EFB42208116010D5BC8",
         "localName": "html",
         "nodeId": 6,
         "nodeName": "HTML",
         "nodeType": 1,
         "nodeValue": "",
         "parentId": 4
      } ],
      "documentURL": "https://www.google.com/?gws_rd=ssl",
      "localName": "",
      "nodeId": 4,
      "nodeName": "#document",
      "nodeType": 9,
      "nodeValue": "",
      "xmlVersion": ""
   }
}
[1567902088.852][DEBUG]: DevTools WebSocket Command: Runtime.evaluate (id=18) 0E2703A91C3D7EFB42208116010D5BC8 {
   "expression": "1"
}
[1567902088.852][DEBUG]: DevTools WebSocket Response: Runtime.evaluate (id=18) 0E2703A91C3D7EFB42208116010D5BC8 {
   "result": {
      "description": "1",
      "type": "number",
      "value": 1
   }
}
[1567902089.115][DEBUG]: DevTools WebSocket Event: Page.loadEventFired 0E2703A91C3D7EFB42208116010D5BC8 {
   "timestamp": 21409.402831
}
[1567902089.115][DEBUG]: DevTools WebSocket Event: Page.frameStoppedLoading 0E2703A91C3D7EFB42208116010D5BC8 {
   "frameId": "0E2703A91C3D7EFB42208116010D5BC8"
}
[1567902089.115][DEBUG]: DevTools WebSocket Command: Runtime.evaluate (id=19) 0E2703A91C3D7EFB42208116010D5BC8 {
   "expression": "1"
}
[1567902089.125][DEBUG]: DevTools WebSocket Event: DOM.childNodeCountUpdated 0E2703A91C3D7EFB42208116010D5BC8 {
   "childNodeCount": 8,
   "nodeId": 8
}
[1567902089.133][DEBUG]: DevTools WebSocket Event: DOM.childNodeCountUpdated 0E2703A91C3D7EFB42208116010D5BC8 {
   "childNodeCount": 11,
   "nodeId": 7
}
[1567902089.134][DEBUG]: DevTools WebSocket Response: Runtime.evaluate (id=19) 0E2703A91C3D7EFB42208116010D5BC8 {
   "result": {
      "description": "1",
      "type": "number",
      "value": 1
   }
}
[1567902089.134][INFO]: Done waiting for pending navigations. Status: ok
[1567902089.134][INFO]: [de0ab8c6f90a00e1409b84990672c27a] RESPONSE Navigate
[1567902094.156][INFO]: [de0ab8c6f90a00e1409b84990672c27a] COMMAND QuitAll {

}
[1567902094.207][INFO]: [de0ab8c6f90a00e1409b84990672c27a] RESPONSE QuitAll
[1567902094.207][DEBUG]: Log type 'driver' lost 1 entries on destruction
[1567902094.208][DEBUG]: Log type 'browser' lost 0 entries on destruction
